
User dropped.


User created.


User altered.


User altered.


Grant succeeded.


Grant succeeded.

Connected.
GRANT execute ON SYS.dbms_stats TO RH
                     *
ERROR at line 1:
ORA-01031: insufficient privileges


Connected.

Session altered.


Session altered.

******  Creating REGIONS table ....

Table created.


Index created.


Table altered.

******  Creating COUNTRIES table ....

Table created.


Table altered.

******  Creating LOCATIONS table ....

Table created.


Index created.


Table altered.


Sequence created.

******  Creating DEPARTMENTS table ....

Table created.


Index created.


Table altered.


Sequence created.

******  Creating JOBS table ....

Table created.


Index created.


Table altered.

******  Creating EMPLOYEES table ....

Table created.


Index created.


Table altered.


Table altered.


Sequence created.

******  Creating JOB_HISTORY table ....

Table created.


Index created.


Table altered.

******  Creating EMP_DETAILS_VIEW view ...

View created.


Commit complete.


Session altered.

******  Populating REGIONS table ....

1 row created.


1 row created.


1 row created.


1 row created.

******  Populating COUNTIRES table ....

1 row created.


1 row created.


1 row created.


1 row created.


1 row created.


1 row created.


1 row created.


1 row created.


1 row created.


1 row created.


1 row created.


1 row created.


1 row created.


1 row created.


1 row created.


1 row created.


1 row created.


1 row created.


1 row created.


1 row created.


1 row created.


1 row created.


1 row created.


1 row created.


1 row created.

******  Populating LOCATIONS table ....

1 row created.


1 row created.


1 row created.


1 row created.


1 row created.


1 row created.


1 row created.


1 row created.


1 row created.


1 row created.


1 row created.


1 row created.


1 row created.


1 row created.


1 row created.


1 row created.


1 row created.


1 row created.


1 row created.


1 row created.


1 row created.


1 row created.


1 row created.

******  Populating DEPARTMENTS table ....

Table altered.


1 row created.


1 row created.


1 row created.


1 row created.


1 row created.


1 row created.


1 row created.


1 row created.


1 row created.


1 row created.


1 row created.


1 row created.


1 row created.


1 row created.


1 row created.


1 row created.


1 row created.


1 row created.


1 row created.


1 row created.


1 row created.


1 row created.


1 row created.


1 row created.


1 row created.


1 row created.


1 row created.

******  Populating JOBS table ....

1 row created.


1 row created.


1 row created.


1 row created.


1 row created.


1 row created.


1 row created.


1 row created.


1 row created.


1 row created.


1 row created.


1 row created.


1 row created.


1 row created.


1 row created.


1 row created.


1 row created.


1 row created.


1 row created.

******  Populating EMPLOYEES table ....

1 row created.


1 row created.


1 row created.


1 row created.


1 row created.


1 row created.


1 row created.


1 row created.


1 row created.


1 row created.


1 row created.


1 row created.


1 row created.


1 row created.


1 row created.


1 row created.


1 row created.


1 row created.


1 row created.


1 row created.


1 row created.


1 row created.


1 row created.


1 row created.


1 row created.


1 row created.


1 row created.


1 row created.


1 row created.


1 row created.


1 row created.


1 row created.


1 row created.


1 row created.


1 row created.


1 row created.


1 row created.


1 row created.


1 row created.


1 row created.


1 row created.


1 row created.


1 row created.


1 row created.


1 row created.


1 row created.


1 row created.


1 row created.


1 row created.


1 row created.


1 row created.


1 row created.


1 row created.


1 row created.


1 row created.


1 row created.


1 row created.


1 row created.


1 row created.


1 row created.


1 row created.


1 row created.


1 row created.


1 row created.


1 row created.


1 row created.


1 row created.


1 row created.


1 row created.


1 row created.


1 row created.


1 row created.


1 row created.


1 row created.


1 row created.


1 row created.


1 row created.


1 row created.


1 row created.


1 row created.


1 row created.


1 row created.


1 row created.


1 row created.


1 row created.


1 row created.


1 row created.


1 row created.


1 row created.


1 row created.


1 row created.


1 row created.


1 row created.


1 row created.


1 row created.


1 row created.


1 row created.


1 row created.


1 row created.


1 row created.


1 row created.


1 row created.


1 row created.


1 row created.


1 row created.


1 row created.


1 row created.

******  Populating JOB_HISTORY table ....

1 row created.


1 row created.


1 row created.


1 row created.


1 row created.


1 row created.


1 row created.


1 row created.


1 row created.


1 row created.


Table altered.


Commit complete.


Index created.


Index created.


Index created.


Index created.


Index created.


Index created.


Index created.


Index created.


Index created.


Index created.


Index created.


Commit complete.


Procedure created.


Trigger created.


Trigger altered.


Procedure created.


Trigger created.


Commit complete.


Comment created.


Comment created.


Comment created.


Comment created.


Comment created.


Comment created.


Comment created.


Comment created.


Comment created.


Comment created.


Comment created.


Comment created.


Comment created.


Comment created.


Comment created.


Comment created.


Comment created.


Comment created.


Comment created.


Comment created.


Comment created.


Comment created.


Comment created.


Comment created.


Comment created.


Comment created.


Comment created.


Comment created.


Comment created.


Comment created.


Comment created.


Comment created.


Comment created.


Comment created.


Comment created.


Comment created.


Comment created.


Comment created.


Comment created.


Commit complete.

BEGIN dbms_stats.gather_schema_stats(          'HR'                            ,                granularity => 'ALL'            ,                cascade => TRUE                 ,                block_sample => TRUE            ); END;

*
ERROR at line 1:
ORA-20000: Insufficient privileges to analyze an object in Schema
ORA-06512: at "SYS.DBMS_STATS", line 35980
ORA-06512: at line 1


